
> kamanotes-tech@0.0.1 dev
> vite


  VITE v6.0.1  ready in 314 ms

  ➜  Local:   http://localhost:5173/
  ➜  Network: http://10.1.8.3:5173/
Browserslist: browsers data (caniuse-lite) is 12 months old. Please run:
  npx update-browserslist-db@latest
  Why you should do it regularly: https://github.com/browserslist/update-db#readme

> kamanotes-tech@0.0.1 dev
> vite

Port 5173 is in use, trying another one...

  VITE v6.0.1  ready in 193 ms

  ➜  Local:   http://localhost:5174/
  ➜  Network: http://10.1.8.3:5174/

> kamanotes-tech@0.0.1 dev
> vite


  VITE v6.0.1  ready in 192 ms

  ➜  Local:   http://localhost:5173/
  ➜  Network: http://10.1.8.3:5173/

> kamanotes-tech@0.0.1 dev
> vite


  VITE v6.0.1  ready in 189 ms

  ➜  Local:   http://localhost:5173/
  ➜  Network: http://10.1.8.3:5173/
Browserslist: browsers data (caniuse-lite) is 12 months old. Please run:
  npx update-browserslist-db@latest
  Why you should do it regularly: https://github.com/browserslist/update-db#readme
Killed
